[debug] [2023-09-25T23:30:46.706Z] ----------------------------------------------------------------------
[debug] [2023-09-25T23:30:46.711Z] Command:       C:\Program Files\nodejs\node.exe C:\Users\USER\AppData\Roaming\npm\node_modules\firebase-tools\lib\bin\firebase.js deploy
[debug] [2023-09-25T23:30:46.712Z] CLI Version:   12.4.7
[debug] [2023-09-25T23:30:46.712Z] Platform:      win32
[debug] [2023-09-25T23:30:46.712Z] Node Version:  v18.17.1
[debug] [2023-09-25T23:30:46.713Z] Time:          Mon Sep 25 2023 17:30:46 GMT-0600 (hora estándar central)
[debug] [2023-09-25T23:30:46.714Z] ----------------------------------------------------------------------
[debug] 
[debug] [2023-09-25T23:30:46.728Z] >>> [apiv2][query] GET https://firebase-public.firebaseio.com/cli.json [none]
[debug] [2023-09-25T23:30:46.862Z] > command requires scopes: ["email","openid","https://www.googleapis.com/auth/cloudplatformprojects.readonly","https://www.googleapis.com/auth/firebase","https://www.googleapis.com/auth/cloud-platform"]
[debug] [2023-09-25T23:30:46.863Z] > authorizing via signed-in user (leonardo.becerril666@gmail.com)
[debug] [2023-09-25T23:30:46.863Z] [iam] checking project profile-87633 for permissions ["firebase.projects.get","firebasehosting.sites.update"]
[debug] [2023-09-25T23:30:46.864Z] > refreshing access token with scopes: []
[debug] [2023-09-25T23:30:46.865Z] >>> [apiv2][query] POST https://www.googleapis.com/oauth2/v3/token [none]
[debug] [2023-09-25T23:30:46.865Z] >>> [apiv2][body] POST https://www.googleapis.com/oauth2/v3/token [omitted]
[debug] [2023-09-25T23:30:46.994Z] <<< [apiv2][status] POST https://www.googleapis.com/oauth2/v3/token 200
[debug] [2023-09-25T23:30:46.994Z] <<< [apiv2][body] POST https://www.googleapis.com/oauth2/v3/token [omitted]
[debug] [2023-09-25T23:30:47.202Z] >>> [apiv2][query] POST https://cloudresourcemanager.googleapis.com/v1/projects/profile-87633:testIamPermissions [none]
[debug] [2023-09-25T23:30:47.202Z] >>> [apiv2][(partial)header] POST https://cloudresourcemanager.googleapis.com/v1/projects/profile-87633:testIamPermissions x-goog-quota-user=projects/profile-87633
[debug] [2023-09-25T23:30:47.202Z] >>> [apiv2][body] POST https://cloudresourcemanager.googleapis.com/v1/projects/profile-87633:testIamPermissions {"permissions":["firebase.projects.get","firebasehosting.sites.update"]}
[debug] [2023-09-25T23:30:47.308Z] <<< [apiv2][status] GET https://firebase-public.firebaseio.com/cli.json 200
[debug] [2023-09-25T23:30:47.308Z] <<< [apiv2][body] GET https://firebase-public.firebaseio.com/cli.json {"cloudBuildErrorAfter":1594252800000,"cloudBuildWarnAfter":1590019200000,"defaultNode10After":1594252800000,"minVersion":"3.0.5","node8DeploysDisabledAfter":1613390400000,"node8RuntimeDisabledAfter":1615809600000,"node8WarnAfter":1600128000000}
[debug] [2023-09-25T23:30:47.701Z] <<< [apiv2][status] POST https://cloudresourcemanager.googleapis.com/v1/projects/profile-87633:testIamPermissions 200
[debug] [2023-09-25T23:30:47.701Z] <<< [apiv2][body] POST https://cloudresourcemanager.googleapis.com/v1/projects/profile-87633:testIamPermissions {"permissions":["firebase.projects.get","firebasehosting.sites.update"]}
[debug] [2023-09-25T23:30:47.704Z] >>> [apiv2][query] GET https://firebase.googleapis.com/v1beta1/projects/profile-87633 [none]
[debug] [2023-09-25T23:30:47.897Z] <<< [apiv2][status] GET https://firebase.googleapis.com/v1beta1/projects/profile-87633 200
[debug] [2023-09-25T23:30:47.898Z] <<< [apiv2][body] GET https://firebase.googleapis.com/v1beta1/projects/profile-87633 {"projectId":"profile-87633","projectNumber":"903467516749","displayName":"profile","name":"projects/profile-87633","resources":{"hostingSite":"profile-87633"},"state":"ACTIVE","etag":"1_b34f399c-69ae-4f97-85f5-3e75bb7c01bc"}
[debug] [2023-09-25T23:30:53.368Z] >>> [apiv2][query] GET https://firebasehosting.googleapis.com/v1beta1/projects/profile-87633/sites pageToken=&pageSize=10
[debug] [2023-09-25T23:30:54.021Z] <<< [apiv2][status] GET https://firebasehosting.googleapis.com/v1beta1/projects/profile-87633/sites 200
[debug] [2023-09-25T23:30:54.021Z] <<< [apiv2][body] GET https://firebasehosting.googleapis.com/v1beta1/projects/profile-87633/sites {"sites":[{"name":"projects/profile-87633/sites/profile-87633","defaultUrl":"https://profile-87633.web.app","appId":"1:903467516749:web:ef6c48ef8c6b9372f1ad04","type":"DEFAULT_SITE"}]}
[debug] [2023-09-25T23:30:54.022Z] >>> [apiv2][query] GET https://firebase.googleapis.com/v1beta1/projects/-/webApps/1:903467516749:web:ef6c48ef8c6b9372f1ad04/config [none]
[debug] [2023-09-25T23:30:54.466Z] <<< [apiv2][status] GET https://firebase.googleapis.com/v1beta1/projects/-/webApps/1:903467516749:web:ef6c48ef8c6b9372f1ad04/config 200
[debug] [2023-09-25T23:30:54.466Z] <<< [apiv2][body] GET https://firebase.googleapis.com/v1beta1/projects/-/webApps/1:903467516749:web:ef6c48ef8c6b9372f1ad04/config {"projectId":"profile-87633","appId":"1:903467516749:web:ef6c48ef8c6b9372f1ad04","storageBucket":"profile-87633.appspot.com","apiKey":"AIzaSyB0Dw3NMTrCOdOkuN5cjzrDQLkiAq4TJVw","authDomain":"profile-87633.firebaseapp.com","messagingSenderId":"903467516749"}
[info] 
   Thank you for trying our early preview of Next.js support on Firebase Hosting.
   During the preview, support is best-effort and breaking changes can be expected. Proceed with caution.

   Documentation: https://firebase.google.com/docs/hosting/frameworks/nextjs
   File a bug: https://github.com/firebase/firebase-tools/issues/new?template=bug_report.md
   Submit a feature request: https://github.com/firebase/firebase-tools/issues/new?template=feature_request.md

   We'd love to learn from you. Express your interest in helping us shape the future of Firebase Hosting: https://goo.gle/41enW5X

[info] - info Loaded env from C:\Users\USER\WebstormProjects\myProfile\.env.local

[info] - info Creating an optimized production build...

[info] - info Compiled successfully

[info] - info Linting and checking validity of types...

[info] 
./app/utils/useMediaQuery.jsx
22:8  Warning: React Hook useEffect has missing dependencies: 'updateTarget' and 'width'. Either include them or remove the dependency array.  react-hooks/exhaustive-deps

info  - Need to disable some ESLint rules? Learn more here: https://nextjs.org/docs/basic-features/eslint#disabling-rules

[info] - info Collecting page data...

[info] - info Generating static pages (0/4)

[info] - info Generating static pages (1/4)

[info] - info Generating static pages (2/4)

[info] - info Generating static pages (3/4)

[info] - info Generating static pages (4/4)

[info] - info Finalizing page optimization...

[info] 

[info] Route (app)                                Size     First Load JS
┌ ○ /                                      62 kB           154 kB
└ ○ /favicon.ico                           0 B                0 B
+ First Load JS shared by all              91.9 kB
  ├ chunks/549-cabcd454e1922aa6.js         14.3 kB
  ├ chunks/698-18ea55da59b1a964.js         25.1 kB
  ├ chunks/bce60fc1-1c7c8635ca813844.js    50.5 kB
  ├ chunks/main-app-70682a4d1ab7d7da.js    213 B
  └ chunks/webpack-b8e80d98beef56e8.js     1.74 kB

Route (pages)                              Size     First Load JS
─ ○ /404                                   181 B          75.5 kB
+ First Load JS shared by all              75.3 kB
  ├ chunks/framework-8883d1e9be70c3da.js   45 kB
  ├ chunks/main-403426eb860d23e4.js        28.4 kB
  ├ chunks/pages/_app-b75b9482ff6ea491.js  195 B
  └ chunks/webpack-b8e80d98beef56e8.js     1.74 kB

[info] 
○  (Static)  automatically rendered as static HTML (uses no initial props)


[debug] [2023-09-25T23:31:48.179Z] Error: Unable to find the next dep, try NPM installing?
    at getConfig (C:\Users\USER\AppData\Roaming\npm\node_modules\firebase-tools\lib\frameworks\next\index.js:386:19)
    at build (C:\Users\USER\AppData\Roaming\npm\node_modules\firebase-tools\lib\frameworks\next\index.js:67:65)
    at process.processTicksAndRejections (node:internal/process/task_queues:95:5)
    at async prepareFrameworks (C:\Users\USER\AppData\Roaming\npm\node_modules\firebase-tools\lib\frameworks\index.js:216:33)
    at async deploy (C:\Users\USER\AppData\Roaming\npm\node_modules\firebase-tools\lib\deploy\index.js:55:13)
[error] 
[error] Error: An unexpected error has occurred.
